[2025-01-02T14:48:54.954Z] INFO: GET /books - Books fetched successfully
[2025-01-02T14:49:03.549Z] INFO: GET /books/6775aee5a980683d4d980de6 - Book fetched successfully
[2025-01-02T14:49:11.625Z] WARN: Invalid ID format: 6775aee5a980683d4d980de
[2025-01-02T15:24:33.235Z] INFO: GET /books - Books fetched successfully
[2025-01-02T15:24:33.257Z] INFO: GET /books - Books fetched successfully
[2025-01-02T15:24:33.263Z] INFO: GET /books - Books fetched successfully
[2025-01-02T15:24:49.986Z] INFO: GET /books - Books fetched successfully
[2025-01-02T15:28:32.134Z] INFO: GET /books - Books fetched successfully
[2025-01-02T15:28:32.150Z] INFO: GET /books - Books fetched successfully
[2025-01-02T15:29:09.515Z] INFO: GET /books - Books fetched successfully
[2025-01-02T15:29:11.903Z] INFO: GET /books - Books fetched successfully
[2025-01-02T15:29:11.912Z] INFO: GET /books - Books fetched successfully
[2025-01-02T16:14:03.164Z] INFO: GET /books - Books fetched successfully
[2025-01-02T16:14:03.172Z] INFO: GET /books - Books fetched successfully
[2025-01-02T16:14:39.257Z] INFO: GET /books - Books fetched successfully
[2025-01-02T16:14:39.271Z] INFO: GET /books - Books fetched successfully
[2025-01-02T16:14:39.526Z] INFO: GET /books - Books fetched successfully
[2025-01-02T16:14:39.530Z] INFO: GET /books - Books fetched successfully
[2025-01-02T16:15:25.371Z] INFO: GET /books - Books fetched successfully
[2025-01-02T16:15:25.401Z] INFO: GET /books - Books fetched successfully
[2025-01-02T16:15:49.149Z] INFO: GET /books - Books fetched successfully
[2025-01-02T16:15:50.526Z] INFO: GET /books - Books fetched successfully
[2025-01-02T16:15:50.529Z] INFO: GET /books - Books fetched successfully
[2025-01-02T16:15:52.950Z] INFO: GET /books - Books fetched successfully
[2025-01-02T16:15:55.345Z] INFO: GET /books - Books fetched successfully
[2025-01-02T16:15:55.349Z] INFO: GET /books - Books fetched successfully
[2025-01-02T16:19:02.210Z] INFO: GET /books - Books fetched successfully
[2025-01-02T16:19:02.221Z] INFO: GET /books - Books fetched successfully
[2025-01-02T16:19:38.053Z] INFO: GET /books - Books fetched successfully
[2025-01-02T16:19:38.059Z] INFO: GET /books - Books fetched successfully
[2025-01-02T16:19:44.197Z] INFO: GET /books - Books fetched successfully
[2025-01-02T16:19:44.205Z] INFO: GET /books - Books fetched successfully
[2025-01-02T16:21:50.086Z] INFO: GET /books - Books fetched successfully
[2025-01-02T16:22:33.864Z] INFO: GET /books - Books fetched successfully
[2025-01-02T16:22:33.868Z] INFO: GET /books - Books fetched successfully
[2025-01-02T16:23:36.210Z] INFO: GET /books - Books fetched successfully
[2025-01-02T16:23:38.115Z] INFO: GET /books - Books fetched successfully
[2025-01-02T16:23:38.119Z] INFO: GET /books - Books fetched successfully
[2025-01-02T16:24:11.420Z] INFO: GET /books - Books fetched successfully
[2025-01-02T16:24:11.442Z] INFO: GET /books - Books fetched successfully
[2025-01-02T16:24:55.312Z] INFO: GET /books - Books fetched successfully
[2025-01-02T16:25:30.200Z] INFO: GET /books - Books fetched successfully
[2025-01-02T16:26:03.151Z] INFO: GET /books - Books fetched successfully
[2025-01-02T16:26:28.018Z] INFO: GET /books - Books fetched successfully
[2025-01-02T16:26:44.738Z] INFO: GET /books - Books fetched successfully
[2025-01-02T16:28:49.050Z] INFO: GET /books - Books fetched successfully
[2025-01-02T16:55:51.870Z] INFO: GET /books - Books fetched successfully
[2025-01-02T16:55:51.879Z] INFO: GET /books - Books fetched successfully
[2025-01-02T17:46:19.603Z] INFO: GET /books - Books fetched successfully
[2025-01-02T17:46:19.612Z] INFO: GET /books - Books fetched successfully
[2025-01-02T17:47:32.074Z] INFO: GET /books - Books fetched successfully
[2025-01-02T17:47:32.089Z] INFO: GET /books - Books fetched successfully
[2025-01-02T18:47:05.733Z] INFO: GET /books - Books fetched successfully
[2025-01-02T18:47:16.681Z] INFO: GET /books - Books fetched successfully
[2025-01-02T18:47:48.698Z] INFO: GET /books - Books fetched successfully
[2025-01-02T18:48:05.685Z] INFO: GET /books - Books fetched successfully
[2025-01-02T18:48:34.689Z] INFO: GET /books - Books fetched successfully
[2025-01-02T18:50:11.835Z] INFO: GET /books - Books fetched successfully
[2025-01-02T18:50:11.841Z] INFO: GET /books - Books fetched successfully
[2025-01-02T18:50:49.680Z] INFO: GET /books - Book created successfully
[2025-01-02T18:51:05.610Z] INFO: GET /books - Books fetched successfully
[2025-01-02T18:51:05.619Z] INFO: GET /books - Books fetched successfully
[2025-01-02T19:00:04.878Z] INFO: GET /books - Books fetched successfully
[2025-01-02T19:00:04.884Z] INFO: GET /books - Books fetched successfully
[2025-01-02T19:03:08.364Z] INFO: GET /books - Books fetched successfully
[2025-01-02T19:03:08.369Z] INFO: GET /books - Books fetched successfully
[2025-01-02T19:05:50.085Z] ERROR: Error in creating book: E11000 duplicate key error collection: bookly_db.books index: title_1 dup key: { title: "Pratham" }
[2025-01-02T19:06:18.522Z] INFO: GET /books - Book created successfully
[2025-01-02T19:06:24.235Z] INFO: GET /books - Books fetched successfully
[2025-01-02T19:06:24.245Z] INFO: GET /books - Books fetched successfully
[2025-01-02T19:07:50.681Z] INFO: GET /books - Books fetched successfully
[2025-01-02T19:08:06.667Z] INFO: GET /books - Books fetched successfully
[2025-01-02T19:08:06.686Z] INFO: GET /books - Books fetched successfully
[2025-01-02T19:08:18.293Z] INFO: GET /books - Books fetched successfully
[2025-01-02T19:08:25.090Z] INFO: DELETE /books - Book deleted successfully
[2025-01-02T19:08:35.779Z] INFO: GET /books - Books fetched successfully
[2025-01-02T19:08:41.182Z] INFO: DELETE /books - Book deleted successfully
[2025-01-02T19:08:53.982Z] INFO: GET /books - Books fetched successfully
[2025-01-02T19:08:53.987Z] INFO: GET /books - Books fetched successfully
[2025-01-02T19:10:35.702Z] INFO: GET /books - Books fetched successfully
[2025-01-02T19:10:35.711Z] INFO: GET /books - Books fetched successfully
[2025-01-02T19:10:49.814Z] INFO: GET /books - Books fetched successfully
[2025-01-02T19:10:49.834Z] INFO: GET /books - Books fetched successfully
[2025-01-02T19:17:00.415Z] INFO: GET /books - Books fetched successfully
[2025-01-02T19:17:00.420Z] INFO: GET /books - Books fetched successfully
[2025-01-02T19:17:52.461Z] INFO: GET /books - Book created successfully
[2025-01-02T19:24:18.559Z] ERROR: Error in creating book: E11000 duplicate key error collection: bookly_db.books index: title_1 dup key: { title: "pratham" }
[2025-01-02T19:24:42.166Z] INFO: GET /books - Books fetched successfully
[2025-01-02T19:24:42.174Z] INFO: GET /books - Books fetched successfully
[2025-01-02T19:25:03.086Z] INFO: GET /books - Book created successfully
[2025-01-02T19:25:07.742Z] INFO: GET /books - Books fetched successfully
[2025-01-02T19:25:07.750Z] INFO: GET /books - Books fetched successfully
[2025-01-02T19:25:13.481Z] INFO: GET /books - Books fetched successfully
[2025-01-02T19:25:13.485Z] INFO: GET /books - Books fetched successfully
[2025-01-02T19:29:48.652Z] INFO: GET /books - Books fetched successfully
[2025-01-02T19:29:59.641Z] INFO: GET /books - Books fetched successfully
[2025-01-02T19:30:06.617Z] INFO: GET /books - Books fetched successfully
[2025-01-02T19:30:31.279Z] ERROR: Error in creating book: E11000 duplicate key error collection: bookly_db.books index: title_1 dup key: { title: "pratham1" }
[2025-01-02T19:30:53.493Z] INFO: GET /books - Books fetched successfully
[2025-01-02T19:30:53.502Z] INFO: GET /books - Books fetched successfully
[2025-01-02T19:31:04.405Z] INFO: GET /books - Books fetched successfully
[2025-01-02T19:31:04.408Z] INFO: GET /books - Books fetched successfully
[2025-01-02T19:39:45.490Z] INFO: GET /books - Book created successfully
[2025-01-02T19:40:29.632Z] INFO: GET /books - Books fetched successfully
[2025-01-02T19:40:29.637Z] INFO: GET /books - Books fetched successfully
[2025-01-02T19:40:36.868Z] INFO: GET /books - Books fetched successfully
[2025-01-02T19:40:44.575Z] INFO: DELETE /books - Book deleted successfully
[2025-01-02T19:40:55.324Z] INFO: DELETE /books - Book deleted successfully
[2025-01-02T19:40:58.208Z] INFO: GET /books - Books fetched successfully
[2025-01-02T19:41:08.830Z] INFO: DELETE /books - Book deleted successfully
[2025-01-02T19:41:11.088Z] INFO: GET /books - Books fetched successfully
[2025-01-02T19:41:18.563Z] INFO: GET /books - Books fetched successfully
[2025-01-02T19:41:18.569Z] INFO: GET /books - Books fetched successfully
[2025-01-02T19:41:40.771Z] INFO: GET /books - Book created successfully
[2025-01-02T19:53:43.461Z] INFO: GET /books - Books fetched successfully
[2025-01-02T19:53:43.467Z] INFO: GET /books - Books fetched successfully
[2025-01-02T19:56:13.966Z] INFO: GET /books - Books fetched successfully
[2025-01-02T19:56:13.969Z] INFO: GET /books - Books fetched successfully
[2025-01-02T19:57:56.337Z] INFO: GET /books - Books fetched successfully
[2025-01-02T19:57:56.351Z] INFO: GET /books - Books fetched successfully
[2025-01-02T20:04:44.584Z] WARN: Invalid ID format: undefined
[2025-01-02T20:04:57.170Z] INFO: GET /books - Books fetched successfully
[2025-01-02T20:04:57.175Z] INFO: GET /books - Books fetched successfully
[2025-01-02T20:04:59.034Z] WARN: Invalid ID format: undefined
[2025-01-02T20:04:59.037Z] WARN: Invalid ID format: undefined
[2025-01-02T20:05:27.318Z] INFO: GET /books - Books fetched successfully
[2025-01-02T20:05:27.323Z] INFO: GET /books - Books fetched successfully
[2025-01-02T20:05:28.817Z] WARN: Invalid ID format: undefined
[2025-01-02T20:05:28.820Z] WARN: Invalid ID format: undefined
[2025-01-02T20:06:29.411Z] INFO: GET /books - Books fetched successfully
[2025-01-02T20:06:34.897Z] INFO: GET /books/6776a6fc9ad94c6080413d9e - Book fetched successfully
[2025-01-02T20:10:51.578Z] WARN: Invalid ID format: undefined
[2025-01-02T20:10:54.549Z] WARN: Invalid ID format: undefined
[2025-01-02T20:14:05.595Z] INFO: GET /books - Books fetched successfully
[2025-01-02T20:14:05.610Z] INFO: GET /books - Books fetched successfully
[2025-01-02T20:14:12.258Z] INFO: GET /books - Books fetched successfully
[2025-01-02T20:14:12.264Z] INFO: GET /books - Books fetched successfully
[2025-01-02T20:14:24.391Z] INFO: GET /books - Books fetched successfully
[2025-01-02T20:14:43.567Z] INFO: GET /books - Books fetched successfully
[2025-01-02T20:14:45.341Z] INFO: GET /books - Books fetched successfully
[2025-01-02T20:14:45.349Z] INFO: GET /books - Books fetched successfully
[2025-01-02T20:15:00.470Z] INFO: GET /books - Books fetched successfully
[2025-01-02T20:15:39.566Z] INFO: GET /books - Books fetched successfully
[2025-01-02T20:16:15.586Z] INFO: GET /books - Books fetched successfully
[2025-01-02T20:16:19.647Z] INFO: GET /books - Books fetched successfully
[2025-01-02T20:16:19.653Z] INFO: GET /books - Books fetched successfully
[2025-01-02T20:16:20.764Z] INFO: GET /books/67758c27f32618607b21ba25 - Book fetched successfully
[2025-01-02T20:16:20.769Z] INFO: GET /books/67758c27f32618607b21ba25 - Book fetched successfully
[2025-01-02T20:16:43.054Z] ERROR: Error in replacing book: Book validation failed: stock: Path `stock` is required., price: Path `price` is required., category: Path `category` is required.
[2025-01-02T20:19:32.999Z] INFO: GET /books/67758c27f32618607b21ba25 - Book fetched successfully
[2025-01-02T20:19:33.004Z] INFO: GET /books/67758c27f32618607b21ba25 - Book fetched successfully
[2025-01-02T20:19:39.733Z] INFO: GET /books - Books fetched successfully
[2025-01-02T20:19:39.741Z] INFO: GET /books - Books fetched successfully
[2025-01-02T20:19:41.489Z] INFO: GET /books/67758c27f32618607b21ba25 - Book fetched successfully
[2025-01-02T20:19:41.494Z] INFO: GET /books/67758c27f32618607b21ba25 - Book fetched successfully
[2025-01-02T20:20:34.702Z] INFO: GET /books/67758c27f32618607b21ba25 - Book fetched successfully
[2025-01-02T20:20:34.707Z] INFO: GET /books/67758c27f32618607b21ba25 - Book fetched successfully
[2025-01-02T20:20:37.113Z] INFO: GET /books/67758c27f32618607b21ba25 - Book fetched successfully
[2025-01-02T20:20:37.117Z] INFO: GET /books/67758c27f32618607b21ba25 - Book fetched successfully
[2025-01-02T20:22:20.547Z] INFO: GET /books/67758c27f32618607b21ba25 - Book fetched successfully
[2025-01-02T20:23:13.551Z] INFO: GET /books/67758c27f32618607b21ba25 - Book fetched successfully
[2025-01-02T20:23:35.540Z] INFO: GET /books/67758c27f32618607b21ba25 - Book fetched successfully
[2025-01-02T20:23:44.547Z] INFO: GET /books/67758c27f32618607b21ba25 - Book fetched successfully
[2025-01-02T20:24:05.545Z] INFO: GET /books/67758c27f32618607b21ba25 - Book fetched successfully
[2025-01-02T20:25:20.551Z] INFO: GET /books/67758c27f32618607b21ba25 - Book fetched successfully
[2025-01-02T20:25:24.798Z] INFO: GET /books/67758c27f32618607b21ba25 - Book fetched successfully
[2025-01-02T20:25:24.801Z] INFO: GET /books/67758c27f32618607b21ba25 - Book fetched successfully
[2025-01-02T20:25:32.436Z] INFO: GET /books - Books fetched successfully
[2025-01-02T20:25:32.445Z] INFO: GET /books - Books fetched successfully
[2025-01-02T20:25:34.848Z] INFO: GET /books/6775a21752985abe5bb4c2a4 - Book fetched successfully
[2025-01-02T20:25:34.858Z] INFO: GET /books/6775a21752985abe5bb4c2a4 - Book fetched successfully
[2025-01-02T20:30:41.390Z] INFO: GET /books/6775a21752985abe5bb4c2a4 - Book fetched successfully
[2025-01-02T20:30:41.400Z] INFO: GET /books/6775a21752985abe5bb4c2a4 - Book fetched successfully
[2025-01-02T20:30:43.850Z] INFO: GET /books - Books fetched successfully
[2025-01-02T20:30:43.855Z] INFO: GET /books - Books fetched successfully
[2025-01-02T20:30:45.399Z] INFO: GET /books/67758c27f32618607b21ba25 - Book fetched successfully
[2025-01-02T20:30:45.405Z] INFO: GET /books/67758c27f32618607b21ba25 - Book fetched successfully
[2025-01-02T20:31:07.061Z] INFO: PUT /books - Book replaced successfully
[2025-01-02T20:31:16.780Z] INFO: GET /books - Books fetched successfully
[2025-01-02T20:32:37.151Z] ERROR: Error in replacing book: Book validation failed: stock: Path `stock` is required., price: Path `price` is required., category: Path `category` is required., author: Path `author` is required.
[2025-01-02T20:33:30.056Z] INFO: GET /books - Books fetched successfully
[2025-01-02T20:33:30.086Z] INFO: GET /books - Books fetched successfully
[2025-01-02T20:33:32.108Z] INFO: GET /books/67758c27f32618607b21ba25 - Book fetched successfully
[2025-01-02T20:33:32.115Z] INFO: GET /books/67758c27f32618607b21ba25 - Book fetched successfully
[2025-01-02T20:33:38.134Z] INFO: GET /books/67758c27f32618607b21ba25 - Book fetched successfully
[2025-01-02T20:33:38.138Z] INFO: GET /books/67758c27f32618607b21ba25 - Book fetched successfully
[2025-01-02T20:34:17.796Z] INFO: GET /books/67758c27f32618607b21ba25 - Book fetched successfully
[2025-01-02T20:34:47.745Z] INFO: GET /books/67758c27f32618607b21ba25 - Book fetched successfully
[2025-01-02T20:34:53.810Z] INFO: GET /books - Books fetched successfully
[2025-01-02T20:34:53.818Z] INFO: GET /books - Books fetched successfully
[2025-01-02T20:34:55.380Z] INFO: GET /books - Books fetched successfully
[2025-01-02T20:34:55.384Z] INFO: GET /books - Books fetched successfully
[2025-01-02T20:35:00.809Z] INFO: GET /books/67758c27f32618607b21ba25 - Book fetched successfully
[2025-01-02T20:35:00.814Z] INFO: GET /books/67758c27f32618607b21ba25 - Book fetched successfully
[2025-01-02T20:35:54.086Z] ERROR: Error in patching book: Validation failed: stock: Path `stock` is required.
[2025-01-02T20:36:53.611Z] INFO: PATCH /books - Book patched successfully
[2025-01-02T20:37:20.512Z] INFO: PATCH /books - Book patched successfully
[2025-01-02T20:37:46.010Z] INFO: GET /books - Books fetched successfully
[2025-01-02T20:38:03.959Z] INFO: PATCH /books - Book patched successfully
[2025-01-02T20:40:16.500Z] INFO: GET /books - Books fetched successfully
[2025-01-02T20:40:16.534Z] INFO: GET /books - Books fetched successfully
[2025-01-02T20:40:26.968Z] INFO: GET /books - Books fetched successfully
[2025-01-02T20:40:26.979Z] INFO: GET /books - Books fetched successfully
[2025-01-02T20:40:38.862Z] INFO: GET /books - Books fetched successfully
[2025-01-02T20:40:38.868Z] INFO: GET /books - Books fetched successfully
[2025-01-02T20:40:41.709Z] INFO: GET /books - Books fetched successfully
[2025-01-02T20:40:41.714Z] INFO: GET /books - Books fetched successfully
[2025-01-02T20:41:00.394Z] INFO: GET /books - Books fetched successfully
[2025-01-02T20:41:00.397Z] INFO: GET /books - Books fetched successfully
[2025-01-02T20:41:13.943Z] INFO: GET /books - Books fetched successfully
[2025-01-02T20:41:13.951Z] INFO: GET /books - Books fetched successfully
[2025-01-02T20:41:19.709Z] INFO: GET /books - Books fetched successfully
[2025-01-02T20:41:19.716Z] INFO: GET /books - Books fetched successfully
[2025-01-02T20:41:34.693Z] INFO: GET /books - Books fetched successfully
[2025-01-02T20:42:41.037Z] INFO: GET /books - Books fetched successfully
[2025-01-02T20:42:41.057Z] INFO: GET /books - Books fetched successfully
[2025-01-02T20:42:49.939Z] INFO: GET /books/6775a21752985abe5bb4c2a4 - Book fetched successfully
[2025-01-02T20:42:49.943Z] INFO: GET /books/6775a21752985abe5bb4c2a4 - Book fetched successfully
[2025-01-02T20:50:04.138Z] INFO: GET /books/6775a21752985abe5bb4c2a4 - Book fetched successfully
[2025-01-02T20:50:04.146Z] INFO: GET /books/6775a21752985abe5bb4c2a4 - Book fetched successfully
[2025-01-02T20:50:05.687Z] INFO: GET /books - Books fetched successfully
[2025-01-02T20:50:05.699Z] INFO: GET /books - Books fetched successfully
[2025-01-02T20:50:11.345Z] INFO: DELETE /books - Book deleted successfully
[2025-01-02T20:50:15.929Z] INFO: DELETE /books - Book deleted successfully
[2025-01-02T20:50:19.335Z] INFO: DELETE /books - Book deleted successfully
[2025-01-02T20:50:56.670Z] INFO: GET /books - Books fetched successfully
[2025-01-02T20:51:21.252Z] INFO: GET /books - Books fetched successfully
[2025-01-02T20:51:24.895Z] INFO: GET /books - Books fetched successfully
[2025-01-02T20:51:24.899Z] INFO: GET /books - Books fetched successfully
[2025-01-02T20:51:57.565Z] INFO: GET /books - Books fetched successfully
[2025-01-02T20:52:03.551Z] INFO: GET /books - Books fetched successfully
[2025-01-02T20:52:21.925Z] INFO: GET /books - Books fetched successfully
[2025-01-02T20:53:40.514Z] INFO: GET /books - Books fetched successfully
[2025-01-02T20:57:24.146Z] INFO: DELETE /books - Book deleted successfully
[2025-01-02T20:57:24.525Z] INFO: DELETE /books - Book deleted successfully
[2025-01-02T20:57:25.728Z] INFO: DELETE /books - Book deleted successfully
[2025-01-02T20:57:26.406Z] INFO: DELETE /books - Book deleted successfully
[2025-01-02T20:57:47.276Z] INFO: GET /books - Books fetched successfully
[2025-01-02T20:57:55.332Z] INFO: GET /books - Books fetched successfully
[2025-01-02T20:57:55.343Z] INFO: GET /books - Books fetched successfully
[2025-01-02T20:57:56.964Z] INFO: DELETE /books - Book deleted successfully
[2025-01-02T20:57:57.495Z] INFO: DELETE /books - Book deleted successfully
[2025-01-02T20:57:57.961Z] INFO: DELETE /books - Book deleted successfully
[2025-01-02T20:57:58.313Z] INFO: DELETE /books - Book deleted successfully
[2025-01-02T20:58:20.189Z] INFO: GET /books - Books fetched successfully
[2025-01-02T20:58:20.197Z] INFO: GET /books - Books fetched successfully
[2025-01-02T21:11:58.817Z] INFO: GET /books - Books fetched successfully
[2025-01-02T21:11:58.837Z] INFO: GET /books - Books fetched successfully
[2025-01-03T14:10:35.428Z] INFO: GET /books - Books fetched successfully
[2025-01-03T14:10:35.442Z] INFO: GET /books - Books fetched successfully
[2025-01-03T14:10:40.840Z] INFO: GET /books/6776fde5c2dbb291fcae48c9 - Book fetched successfully
[2025-01-03T14:10:40.846Z] INFO: GET /books/6776fde5c2dbb291fcae48c9 - Book fetched successfully
[2025-01-03T14:10:49.027Z] INFO: GET /books - Books fetched successfully
[2025-01-03T14:10:49.043Z] INFO: GET /books - Books fetched successfully
[2025-01-03T14:11:01.400Z] INFO: GET /books/6776fde5c2dbb291fcae48ca - Book fetched successfully
[2025-01-03T14:11:01.414Z] INFO: GET /books/6776fde5c2dbb291fcae48ca - Book fetched successfully
[2025-01-03T14:11:37.669Z] INFO: PATCH /books - Book patched successfully
[2025-01-03T14:11:43.993Z] INFO: GET /books - Books fetched successfully
[2025-01-03T14:11:44.001Z] INFO: GET /books - Books fetched successfully
[2025-01-03T14:11:53.199Z] INFO: DELETE /books - Book deleted successfully
[2025-01-03T14:12:12.739Z] INFO: GET /books - Book created successfully
[2025-01-03T14:12:56.644Z] INFO: GET /books - Books fetched successfully
[2025-01-03T14:12:56.662Z] INFO: GET /books - Books fetched successfully
[2025-01-03T14:12:58.761Z] INFO: GET /books - Books fetched successfully
[2025-01-03T14:12:58.769Z] INFO: GET /books - Books fetched successfully
[2025-01-03T14:13:00.175Z] INFO: GET /books - Books fetched successfully
[2025-01-03T14:13:00.183Z] INFO: GET /books - Books fetched successfully
[2025-01-03T14:13:15.692Z] INFO: GET /books - Books fetched successfully
[2025-01-03T14:13:15.724Z] INFO: GET /books - Books fetched successfully
[2025-01-03T14:13:39.251Z] INFO: GET /books/6776fde5c2dbb291fcae48ca - Book fetched successfully
[2025-01-03T14:13:39.261Z] INFO: GET /books/6776fde5c2dbb291fcae48ca - Book fetched successfully
[2025-01-03T14:14:47.102Z] INFO: PATCH /books - Book patched successfully
[2025-01-03T14:17:31.733Z] INFO: GET /books - Books fetched successfully
[2025-01-03T14:17:31.739Z] INFO: GET /books - Books fetched successfully
[2025-01-03T14:29:00.974Z] INFO: GET /books - Books fetched successfully
[2025-01-03T14:29:00.988Z] INFO: GET /books - Books fetched successfully
[2025-01-03T14:37:23.186Z] INFO: GET /books/6776fde5c2dbb291fcae48ca - Book fetched successfully
[2025-01-03T14:37:23.190Z] INFO: GET /books/6776fde5c2dbb291fcae48ca - Book fetched successfully
[2025-01-03T14:37:48.832Z] INFO: PATCH /books - Book patched successfully
[2025-01-03T14:37:52.859Z] INFO: GET /books - Books fetched successfully
[2025-01-03T14:37:52.887Z] INFO: GET /books - Books fetched successfully
[2025-01-03T14:38:16.853Z] INFO: DELETE /books - Book deleted successfully
[2025-01-03T14:38:49.432Z] INFO: GET /books - Books fetched successfully
[2025-01-03T14:38:49.440Z] INFO: GET /books - Books fetched successfully
[2025-01-03T14:38:50.476Z] INFO: GET /books - Books fetched successfully
[2025-01-03T14:38:50.482Z] INFO: GET /books - Books fetched successfully
[2025-01-03T14:40:39.132Z] INFO: GET /books - Books fetched successfully
[2025-01-03T14:40:39.136Z] INFO: GET /books - Books fetched successfully
[2025-01-03T14:40:45.734Z] INFO: GET /books/6777f03cbc9ce49e4b0b378c - Book fetched successfully
[2025-01-03T14:40:45.740Z] INFO: GET /books/6777f03cbc9ce49e4b0b378c - Book fetched successfully
[2025-01-03T14:41:01.885Z] ERROR: Error in patching book: Plan executor error during findAndModify :: caused by :: E11000 duplicate key error collection: bookly_db.books index: title_1 dup key: { title: "Shadows of Eternity" }
[2025-01-03T14:41:15.333Z] INFO: PATCH /books - Book patched successfully
[2025-01-03T14:41:19.209Z] INFO: GET /books - Books fetched successfully
[2025-01-03T14:41:19.214Z] INFO: GET /books - Books fetched successfully
[2025-01-03T14:41:53.908Z] INFO: GET /books/6776fde5c2dbb291fcae48cb - Book fetched successfully
[2025-01-03T14:41:53.915Z] INFO: GET /books/6776fde5c2dbb291fcae48cb - Book fetched successfully
[2025-01-03T14:42:04.582Z] INFO: GET /books - Books fetched successfully
[2025-01-03T14:42:04.622Z] INFO: GET /books - Books fetched successfully
[2025-01-03T14:42:21.123Z] ERROR: Error in patching book: Plan executor error during findAndModify :: caused by :: E11000 duplicate key error collection: bookly_db.books index: title_1 dup key: { title: "The Silent Forest" }
[2025-01-03T14:42:26.684Z] INFO: PATCH /books - Book patched successfully
[2025-01-03T14:53:59.900Z] INFO: GET /books - Books fetched successfully
[2025-01-03T14:53:59.909Z] INFO: GET /books - Books fetched successfully
[2025-01-03T14:54:01.961Z] INFO: GET /books/6776fde5c2dbb291fcae48cb - Book fetched successfully
[2025-01-03T14:54:01.965Z] INFO: GET /books/6776fde5c2dbb291fcae48cb - Book fetched successfully
[2025-01-03T14:54:21.293Z] INFO: PATCH /books - Book patched successfully
[2025-01-03T14:59:13.677Z] INFO: GET /books - Books fetched successfully
[2025-01-03T14:59:13.682Z] INFO: GET /books - Books fetched successfully
[2025-01-03T14:59:14.711Z] INFO: GET /books/6776fde5c2dbb291fcae48cb - Book fetched successfully
[2025-01-03T14:59:14.715Z] INFO: GET /books/6776fde5c2dbb291fcae48cb - Book fetched successfully
[2025-01-03T14:59:25.399Z] INFO: PATCH /books - Book patched successfully
[2025-01-03T14:59:29.240Z] INFO: GET /books - Books fetched successfully
[2025-01-03T14:59:29.245Z] INFO: GET /books - Books fetched successfully
[2025-01-03T14:59:32.122Z] INFO: GET /books/6776fde5c2dbb291fcae48cb - Book fetched successfully
[2025-01-03T14:59:32.126Z] INFO: GET /books/6776fde5c2dbb291fcae48cb - Book fetched successfully
[2025-01-03T14:59:38.405Z] INFO: GET /books - Books fetched successfully
[2025-01-03T14:59:38.408Z] INFO: GET /books - Books fetched successfully
[2025-01-03T15:00:16.122Z] INFO: GET /books - Books fetched successfully
[2025-01-03T15:00:16.127Z] INFO: GET /books - Books fetched successfully
[2025-01-03T15:00:20.552Z] INFO: GET /books/6777f03cbc9ce49e4b0b378c - Book fetched successfully
[2025-01-03T15:00:20.556Z] INFO: GET /books/6777f03cbc9ce49e4b0b378c - Book fetched successfully
[2025-01-03T15:00:29.199Z] INFO: PATCH /books - Book patched successfully
[2025-01-03T15:00:39.924Z] INFO: GET /books - Books fetched successfully
[2025-01-03T15:00:39.930Z] INFO: GET /books - Books fetched successfully
[2025-01-03T15:00:52.420Z] INFO: GET /books/6777f03cbc9ce49e4b0b378c - Book fetched successfully
[2025-01-03T15:00:52.424Z] INFO: GET /books/6777f03cbc9ce49e4b0b378c - Book fetched successfully
[2025-01-03T15:01:10.982Z] INFO: PATCH /books - Book patched successfully
[2025-01-03T15:01:20.225Z] INFO: GET /books - Books fetched successfully
[2025-01-03T15:01:20.231Z] INFO: GET /books - Books fetched successfully
[2025-01-03T15:02:31.045Z] INFO: GET /books - Books fetched successfully
[2025-01-03T15:02:31.073Z] INFO: GET /books - Books fetched successfully
[2025-01-03T16:08:14.620Z] INFO: GET /books/6776fde5c2dbb291fcae48cb - Book fetched successfully
[2025-01-03T16:08:14.640Z] INFO: GET /books/6776fde5c2dbb291fcae48cb - Book fetched successfully
[2025-01-03T16:08:22.818Z] INFO: GET /books - Books fetched successfully
[2025-01-03T16:08:22.823Z] INFO: GET /books - Books fetched successfully
[2025-01-03T17:33:25.126Z] INFO: GET /books - Books fetched successfully
[2025-01-03T17:33:25.141Z] INFO: GET /books - Books fetched successfully
[2025-01-03T18:20:18.459Z] INFO: GET /books - Books fetched successfully
[2025-01-03T18:32:28.861Z] INFO: GET /books - Books fetched successfully
[2025-01-03T18:32:28.888Z] INFO: GET /books - Books fetched successfully
[2025-01-03T18:34:21.034Z] INFO: GET /books - Books fetched successfully
[2025-01-03T18:34:21.041Z] INFO: GET /books - Books fetched successfully
[2025-01-03T18:34:24.260Z] INFO: DELETE /books - Book deleted successfully
[2025-01-03T18:37:57.078Z] INFO: GET /books - Books fetched successfully
[2025-01-03T18:37:57.092Z] INFO: GET /books - Books fetched successfully
[2025-01-03T18:39:24.352Z] INFO: GET /books - Books fetched successfully
[2025-01-03T18:39:24.360Z] INFO: GET /books - Books fetched successfully
[2025-01-03T18:50:00.675Z] INFO: GET /books - Books fetched successfully
[2025-01-03T18:58:11.892Z] INFO: GET /books - Books fetched successfully
[2025-01-03T18:58:15.551Z] INFO: GET /books - Books fetched successfully
[2025-01-03T18:58:17.507Z] INFO: GET /books - Books fetched successfully
[2025-01-03T18:58:24.207Z] INFO: DELETE /books - Book deleted successfully
[2025-01-03T18:58:26.878Z] INFO: GET /books/6776fde5c2dbb291fcae48cc - Book fetched successfully
[2025-01-03T18:58:32.814Z] ERROR: Error in patching book: Validation failed: price: Invalid price input
[2025-01-03T18:58:44.025Z] INFO: PATCH /books - Book patched successfully
[2025-01-03T18:58:48.572Z] INFO: GET /books - Books fetched successfully
[2025-01-03T18:59:23.988Z] INFO: GET /books - Books fetched successfully
[2025-01-03T19:00:31.255Z] INFO: GET /books - Books fetched successfully
[2025-01-03T19:00:31.262Z] INFO: GET /books - Books fetched successfully
[2025-01-03T19:03:05.034Z] INFO: GET /books - Books fetched successfully
[2025-01-03T19:03:05.042Z] INFO: GET /books - Books fetched successfully
[2025-01-03T19:03:08.282Z] INFO: GET /books/6776fde5c2dbb291fcae48cc - Book fetched successfully
[2025-01-03T19:03:08.289Z] INFO: GET /books/6776fde5c2dbb291fcae48cc - Book fetched successfully
[2025-01-03T19:03:25.750Z] INFO: PATCH /books - Book patched successfully
[2025-01-03T19:03:29.390Z] INFO: GET /books - Books fetched successfully
[2025-01-03T19:03:29.397Z] INFO: GET /books - Books fetched successfully
[2025-01-03T19:04:25.570Z] INFO: GET /books - Books fetched successfully
[2025-01-03T19:04:25.576Z] INFO: GET /books - Books fetched successfully
[2025-01-03T19:20:05.428Z] INFO: GET /books - Books fetched successfully
[2025-01-03T19:20:05.438Z] INFO: GET /books - Books fetched successfully
[2025-01-03T19:20:07.387Z] INFO: GET /books - Books fetched successfully
[2025-01-03T19:20:07.392Z] INFO: GET /books - Books fetched successfully
[2025-01-03T19:20:08.394Z] INFO: GET /books/6776fde5c2dbb291fcae48cc - Book fetched successfully
[2025-01-03T19:20:08.398Z] INFO: GET /books/6776fde5c2dbb291fcae48cc - Book fetched successfully
[2025-01-03T19:24:42.468Z] INFO: GET /books - Book created successfully
[2025-01-03T19:24:43.520Z] INFO: GET /books - Books fetched successfully
[2025-01-03T19:24:43.526Z] INFO: GET /books - Books fetched successfully
[2025-01-03T19:24:57.672Z] INFO: GET /books - Books fetched successfully
[2025-01-03T19:24:57.679Z] INFO: GET /books - Books fetched successfully
[2025-01-03T19:25:00.892Z] INFO: GET /books - Books fetched successfully
[2025-01-03T19:25:00.899Z] INFO: GET /books - Books fetched successfully
[2025-01-03T19:25:08.077Z] INFO: GET /books - Books fetched successfully
[2025-01-03T19:25:08.087Z] INFO: GET /books - Books fetched successfully
[2025-01-03T19:25:10.837Z] INFO: GET /books - Books fetched successfully
[2025-01-03T19:25:10.846Z] INFO: GET /books - Books fetched successfully
[2025-01-03T19:25:14.024Z] INFO: DELETE /books - Book deleted successfully
[2025-01-03T19:27:07.703Z] INFO: GET /books - Book created successfully
[2025-01-03T19:27:08.745Z] INFO: GET /books - Books fetched successfully
[2025-01-03T19:27:08.760Z] INFO: GET /books - Books fetched successfully
[2025-01-03T19:27:12.398Z] INFO: DELETE /books - Book deleted successfully
[2025-01-03T19:27:14.642Z] INFO: GET /books/6776fde5c2dbb291fcae48d1 - Book fetched successfully
[2025-01-03T19:27:14.647Z] INFO: GET /books/6776fde5c2dbb291fcae48d1 - Book fetched successfully
[2025-01-03T19:27:24.039Z] INFO: GET /books - Books fetched successfully
[2025-01-03T19:27:24.051Z] INFO: GET /books - Books fetched successfully
[2025-01-03T19:29:10.236Z] INFO: GET /books/6776fde5c2dbb291fcae48cd - Book fetched successfully
[2025-01-03T19:29:10.240Z] INFO: GET /books/6776fde5c2dbb291fcae48cd - Book fetched successfully
[2025-01-03T19:30:37.575Z] INFO: GET /books/6776fde5c2dbb291fcae48cd - Book fetched successfully
[2025-01-03T19:31:58.690Z] INFO: GET /books/6776fde5c2dbb291fcae48cd - Book fetched successfully
[2025-01-03T19:31:58.695Z] INFO: GET /books/6776fde5c2dbb291fcae48cd - Book fetched successfully
[2025-01-03T19:32:00.885Z] INFO: GET /books/6776fde5c2dbb291fcae48cd - Book fetched successfully
[2025-01-03T19:32:00.888Z] INFO: GET /books/6776fde5c2dbb291fcae48cd - Book fetched successfully
[2025-01-03T19:32:03.365Z] INFO: GET /books - Books fetched successfully
[2025-01-03T19:32:03.370Z] INFO: GET /books - Books fetched successfully
[2025-01-03T19:32:06.660Z] INFO: GET /books - Books fetched successfully
[2025-01-03T19:32:06.666Z] INFO: GET /books - Books fetched successfully
[2025-01-03T19:32:08.137Z] INFO: GET /books/6776fde5c2dbb291fcae48cd - Book fetched successfully
[2025-01-03T19:32:08.143Z] INFO: GET /books/6776fde5c2dbb291fcae48cd - Book fetched successfully
[2025-01-03T19:33:36.488Z] INFO: GET /books/6776fde5c2dbb291fcae48cd - Book fetched successfully
[2025-01-03T19:33:36.529Z] INFO: GET /books/6776fde5c2dbb291fcae48cd - Book fetched successfully
[2025-01-03T19:33:59.222Z] INFO: PATCH /books - Book patched successfully
[2025-01-03T19:34:00.257Z] INFO: GET /books - Books fetched successfully
[2025-01-03T19:34:00.271Z] INFO: GET /books - Books fetched successfully
[2025-01-03T19:42:03.232Z] INFO: GET /books - Books fetched successfully
[2025-01-03T19:42:03.245Z] INFO: GET /books - Books fetched successfully
[2025-01-03T19:42:04.923Z] INFO: GET /books/6776fde5c2dbb291fcae48cd - Book fetched successfully
[2025-01-03T19:42:04.929Z] INFO: GET /books/6776fde5c2dbb291fcae48cd - Book fetched successfully
[2025-01-03T19:42:12.844Z] INFO: GET /books - Books fetched successfully
[2025-01-03T19:42:12.848Z] INFO: GET /books - Books fetched successfully
[2025-01-03T19:47:32.968Z] INFO: GET /books - Books fetched successfully
[2025-01-03T19:47:32.977Z] INFO: GET /books - Books fetched successfully
[2025-01-03T19:47:40.590Z] INFO: GET /books - Books fetched successfully
[2025-01-03T19:47:40.600Z] INFO: GET /books - Books fetched successfully
[2025-01-03T19:48:04.359Z] INFO: DELETE /books - Book deleted successfully
[2025-01-03T19:48:25.125Z] INFO: GET /books - Book created successfully
[2025-01-03T19:48:26.157Z] INFO: GET /books - Books fetched successfully
[2025-01-03T19:48:26.161Z] INFO: GET /books - Books fetched successfully
[2025-01-03T19:48:32.142Z] INFO: GET /books/6776fde5c2dbb291fcae48cd - Book fetched successfully
[2025-01-03T19:48:32.145Z] INFO: GET /books/6776fde5c2dbb291fcae48cd - Book fetched successfully
[2025-01-03T19:48:42.534Z] WARN: Invalid ID format: undefined
[2025-01-03T19:48:55.498Z] WARN: Invalid ID format: undefined
[2025-01-03T19:49:01.879Z] INFO: GET /books - Books fetched successfully
[2025-01-03T19:49:01.885Z] INFO: GET /books - Books fetched successfully
[2025-01-03T19:49:03.809Z] INFO: GET /books/6776fde5c2dbb291fcae48c9 - Book fetched successfully
[2025-01-03T19:49:03.815Z] INFO: GET /books/6776fde5c2dbb291fcae48c9 - Book fetched successfully
[2025-01-03T19:54:32.531Z] INFO: GET /books/6776fde5c2dbb291fcae48c9 - Book fetched successfully
[2025-01-03T19:54:48.836Z] INFO: GET /books/6776fde5c2dbb291fcae48c9 - Book fetched successfully
[2025-01-03T19:54:48.846Z] INFO: GET /books/6776fde5c2dbb291fcae48c9 - Book fetched successfully
[2025-01-03T19:54:52.062Z] INFO: GET /books - Books fetched successfully
[2025-01-03T19:54:52.067Z] INFO: GET /books - Books fetched successfully
[2025-01-03T19:54:53.185Z] INFO: GET /books/6776fde5c2dbb291fcae48cd - Book fetched successfully
[2025-01-03T19:54:53.191Z] INFO: GET /books/6776fde5c2dbb291fcae48cd - Book fetched successfully
[2025-01-03T19:56:56.561Z] INFO: GET /books/6776fde5c2dbb291fcae48cd - Book fetched successfully
[2025-01-03T19:56:59.909Z] INFO: GET /books/6776fde5c2dbb291fcae48cd - Book fetched successfully
[2025-01-03T19:56:59.913Z] INFO: GET /books/6776fde5c2dbb291fcae48cd - Book fetched successfully
[2025-01-03T19:57:02.976Z] INFO: GET /books - Books fetched successfully
[2025-01-03T19:57:02.985Z] INFO: GET /books - Books fetched successfully
[2025-01-03T19:57:03.942Z] INFO: GET /books/6776fde5c2dbb291fcae48cd - Book fetched successfully
[2025-01-03T19:57:03.947Z] INFO: GET /books/6776fde5c2dbb291fcae48cd - Book fetched successfully
[2025-01-03T19:58:01.317Z] INFO: GET /books/6776fde5c2dbb291fcae48cd - Book fetched successfully
[2025-01-03T19:58:01.320Z] INFO: GET /books/6776fde5c2dbb291fcae48cd - Book fetched successfully
[2025-01-03T19:58:04.644Z] INFO: GET /books - Books fetched successfully
[2025-01-03T19:58:04.650Z] INFO: GET /books - Books fetched successfully
[2025-01-03T19:58:06.668Z] INFO: GET /books/6776fde5c2dbb291fcae48c9 - Book fetched successfully
[2025-01-03T19:58:06.672Z] INFO: GET /books/6776fde5c2dbb291fcae48c9 - Book fetched successfully
[2025-01-03T19:58:30.668Z] WARN: Invalid ID format: undefined
[2025-01-03T19:58:35.329Z] WARN: Invalid ID format: undefined
[2025-01-03T20:02:08.031Z] INFO: GET /books/6776fde5c2dbb291fcae48c9 - Book fetched successfully
[2025-01-03T20:02:08.035Z] INFO: GET /books/6776fde5c2dbb291fcae48c9 - Book fetched successfully
[2025-01-03T20:05:03.549Z] INFO: GET /books/6776fde5c2dbb291fcae48c9 - Book fetched successfully
[2025-01-03T20:05:03.554Z] INFO: GET /books/6776fde5c2dbb291fcae48c9 - Book fetched successfully
[2025-01-03T20:05:29.639Z] INFO: GET /books - Books fetched successfully
[2025-01-03T20:05:29.642Z] INFO: GET /books - Books fetched successfully
[2025-01-03T20:05:35.574Z] INFO: GET /books - Books fetched successfully
[2025-01-03T20:05:35.582Z] INFO: GET /books - Books fetched successfully
[2025-01-03T20:05:37.729Z] INFO: GET /books - Books fetched successfully
[2025-01-03T20:05:37.732Z] INFO: GET /books - Books fetched successfully
[2025-01-03T20:05:40.174Z] INFO: GET /books - Books fetched successfully
[2025-01-03T20:05:40.182Z] INFO: GET /books - Books fetched successfully
[2025-01-03T20:05:41.853Z] INFO: GET /books/6776fde5c2dbb291fcae48cd - Book fetched successfully
[2025-01-03T20:05:41.857Z] INFO: GET /books/6776fde5c2dbb291fcae48cd - Book fetched successfully
[2025-01-03T20:09:45.832Z] INFO: GET /books/6776fde5c2dbb291fcae48cd - Book fetched successfully
[2025-01-03T20:09:45.838Z] INFO: GET /books/6776fde5c2dbb291fcae48cd - Book fetched successfully
[2025-01-03T20:09:48.204Z] INFO: GET /books - Books fetched successfully
[2025-01-03T20:09:48.213Z] INFO: GET /books - Books fetched successfully
[2025-01-03T20:09:49.284Z] INFO: GET /books/6776fde5c2dbb291fcae48cd - Book fetched successfully
[2025-01-03T20:09:49.293Z] INFO: GET /books/6776fde5c2dbb291fcae48cd - Book fetched successfully
[2025-01-03T20:10:48.832Z] INFO: GET /books - Books fetched successfully
[2025-01-03T20:10:48.838Z] INFO: GET /books - Books fetched successfully
[2025-01-03T20:10:50.557Z] INFO: GET /books/6776fde5c2dbb291fcae48cd - Book fetched successfully
[2025-01-03T20:10:50.561Z] INFO: GET /books/6776fde5c2dbb291fcae48cd - Book fetched successfully
[2025-01-03T20:12:35.302Z] WARN: Book not found: 6776fde5c2dbb291fcae48cd
[2025-01-03T20:12:35.310Z] WARN: Book not found: 6776fde5c2dbb291fcae48cd
[2025-01-03T20:12:40.522Z] INFO: GET /books - Books fetched successfully
[2025-01-03T20:12:40.528Z] INFO: GET /books - Books fetched successfully
[2025-01-03T20:12:42.278Z] INFO: GET /books/67783f0936bca1530cda98a7 - Book fetched successfully
[2025-01-03T20:12:42.285Z] INFO: GET /books/67783f0936bca1530cda98a7 - Book fetched successfully
[2025-01-03T20:14:24.088Z] WARN: No books found
[2025-01-03T20:14:24.091Z] WARN: No books found
[2025-01-03T20:14:38.709Z] INFO: GET /books - Book created successfully
[2025-01-03T20:14:39.751Z] INFO: GET /books - Books fetched successfully
[2025-01-03T20:14:39.777Z] INFO: GET /books - Books fetched successfully
[2025-01-03T20:14:48.474Z] INFO: GET /books/6778452e36bca1530cda98e5 - Book fetched successfully
[2025-01-03T20:14:48.489Z] INFO: GET /books/6778452e36bca1530cda98e5 - Book fetched successfully
[2025-01-03T20:16:50.528Z] INFO: GET /books/6778452e36bca1530cda98e5 - Book fetched successfully
[2025-01-03T20:16:50.538Z] INFO: GET /books/6778452e36bca1530cda98e5 - Book fetched successfully
[2025-01-03T20:16:54.480Z] INFO: GET /books/6778452e36bca1530cda98e5 - Book fetched successfully
[2025-01-03T20:16:54.483Z] INFO: GET /books/6778452e36bca1530cda98e5 - Book fetched successfully
[2025-01-03T20:17:19.134Z] INFO: GET /books/6778452e36bca1530cda98e5 - Book fetched successfully
[2025-01-03T20:17:19.137Z] INFO: GET /books/6778452e36bca1530cda98e5 - Book fetched successfully
[2025-01-03T20:17:45.013Z] INFO: GET /books - Book created successfully
[2025-01-03T20:17:46.047Z] INFO: GET /books - Books fetched successfully
[2025-01-03T20:17:46.064Z] INFO: GET /books - Books fetched successfully
[2025-01-03T20:18:00.121Z] INFO: DELETE /books - Book deleted successfully
[2025-01-03T20:18:01.620Z] INFO: GET /books/677845e936bca1530cda98f1 - Book fetched successfully
[2025-01-03T20:18:01.627Z] INFO: GET /books/677845e936bca1530cda98f1 - Book fetched successfully
[2025-01-03T20:19:01.202Z] INFO: GET /books/677845e936bca1530cda98f1 - Book fetched successfully
[2025-01-03T20:19:01.205Z] INFO: GET /books/677845e936bca1530cda98f1 - Book fetched successfully
[2025-01-03T20:19:03.781Z] INFO: GET /books - Books fetched successfully
[2025-01-03T20:19:03.786Z] INFO: GET /books - Books fetched successfully
[2025-01-03T20:19:04.957Z] INFO: GET /books/677845e936bca1530cda98f1 - Book fetched successfully
[2025-01-03T20:19:04.961Z] INFO: GET /books/677845e936bca1530cda98f1 - Book fetched successfully
[2025-01-03T20:19:43.583Z] INFO: GET /books/677845e936bca1530cda98f1 - Book fetched successfully
[2025-01-03T20:19:43.588Z] INFO: GET /books/677845e936bca1530cda98f1 - Book fetched successfully
[2025-01-03T20:21:14.095Z] INFO: GET /books/677845e936bca1530cda98f1 - Book fetched successfully
[2025-01-03T20:21:14.098Z] INFO: GET /books/677845e936bca1530cda98f1 - Book fetched successfully
[2025-01-03T20:21:34.508Z] INFO: GET /books - Books fetched successfully
[2025-01-03T20:21:34.512Z] INFO: GET /books - Books fetched successfully
[2025-01-03T20:21:35.805Z] INFO: GET /books/677845e936bca1530cda98f1 - Book fetched successfully
[2025-01-03T20:21:35.811Z] INFO: GET /books/677845e936bca1530cda98f1 - Book fetched successfully
[2025-01-03T20:21:39.494Z] INFO: PATCH /books - Book patched successfully
[2025-01-03T20:21:52.523Z] INFO: GET /books - Books fetched successfully
[2025-01-03T20:21:52.545Z] INFO: GET /books - Books fetched successfully
[2025-01-03T20:21:55.020Z] INFO: GET /books/677845e936bca1530cda98f1 - Book fetched successfully
[2025-01-03T20:21:55.027Z] INFO: GET /books/677845e936bca1530cda98f1 - Book fetched successfully
[2025-01-03T20:21:57.273Z] INFO: PATCH /books - Book patched successfully
[2025-01-03T20:21:58.677Z] INFO: GET /books - Books fetched successfully
[2025-01-03T20:21:58.684Z] INFO: GET /books - Books fetched successfully
[2025-01-03T20:23:17.108Z] INFO: GET /books/677845e936bca1530cda98f1 - Book fetched successfully
[2025-01-03T20:23:17.113Z] INFO: GET /books/677845e936bca1530cda98f1 - Book fetched successfully
[2025-01-03T20:23:28.294Z] ERROR: Error in patching book: Validation failed: stock: Path `stock` is required.
[2025-01-03T20:23:53.611Z] INFO: PATCH /books - Book patched successfully
[2025-01-03T20:23:54.641Z] INFO: GET /books - Books fetched successfully
[2025-01-03T20:23:54.648Z] INFO: GET /books - Books fetched successfully
[2025-01-03T20:24:47.796Z] INFO: GET /books - Books fetched successfully
[2025-01-03T20:24:47.799Z] INFO: GET /books - Books fetched successfully
[2025-01-03T20:26:39.474Z] INFO: GET /books - Book created successfully
[2025-01-03T20:26:48.135Z] INFO: GET /books - Book created successfully
[2025-01-03T20:26:57.071Z] INFO: GET /books - Book created successfully
[2025-01-03T20:27:05.915Z] INFO: GET /books - Book created successfully
[2025-01-03T20:27:20.195Z] INFO: GET /books - Book created successfully
[2025-01-03T20:27:28.796Z] INFO: GET /books - Book created successfully
[2025-01-03T20:27:37.665Z] INFO: GET /books - Book created successfully
[2025-01-03T20:27:45.529Z] INFO: GET /books - Book created successfully
[2025-01-03T20:27:47.654Z] INFO: GET /books - Books fetched successfully
[2025-01-03T20:28:11.254Z] INFO: GET /books - Books fetched successfully
[2025-01-03T20:28:11.267Z] INFO: GET /books - Books fetched successfully
[2025-01-03T20:28:16.427Z] INFO: GET /books/677845e936bca1530cda98f1 - Book fetched successfully
[2025-01-03T20:28:16.432Z] INFO: GET /books/677845e936bca1530cda98f1 - Book fetched successfully
[2025-01-03T20:28:25.297Z] INFO: PATCH /books - Book patched successfully
[2025-01-03T20:28:26.321Z] INFO: GET /books - Books fetched successfully
[2025-01-03T20:28:26.330Z] INFO: GET /books - Books fetched successfully
[2025-01-03T20:33:38.936Z] INFO: GET /books - Books fetched successfully
[2025-01-03T20:33:38.953Z] INFO: GET /books - Books fetched successfully
[2025-01-03T20:33:44.708Z] INFO: GET /books/677845e936bca1530cda98f1 - Book fetched successfully
[2025-01-03T20:33:44.714Z] INFO: GET /books/677845e936bca1530cda98f1 - Book fetched successfully
[2025-01-03T20:33:57.300Z] INFO: GET /books/677845e936bca1530cda98f1 - Book fetched successfully
[2025-01-03T20:33:57.304Z] INFO: GET /books/677845e936bca1530cda98f1 - Book fetched successfully
[2025-01-03T20:36:21.500Z] INFO: GET /books - Books fetched successfully
[2025-01-03T20:36:25.234Z] INFO: GET /books/67784841317096215d46c044 - Book fetched successfully
[2025-01-03T20:36:30.203Z] INFO: PATCH /books - Book patched successfully
[2025-01-03T20:36:31.229Z] INFO: GET /books - Books fetched successfully
[2025-01-03T20:37:03.776Z] ERROR: Error in creating book: E11000 duplicate key error collection: bookly_db.books index: title_1 dup key: { title: "The Jungle Book" }
[2025-01-03T20:37:09.456Z] ERROR: Error in creating book: E11000 duplicate key error collection: bookly_db.books index: title_1 dup key: { title: "The Jungle Book" }
[2025-01-03T20:37:18.023Z] INFO: GET /books - Book created successfully
[2025-01-03T20:37:19.070Z] INFO: GET /books - Books fetched successfully
[2025-01-03T20:37:34.939Z] INFO: DELETE /books - Book deleted successfully
[2025-01-03T20:37:48.381Z] INFO: GET /books/677847ff317096215d46c036 - Book fetched successfully
[2025-01-03T20:39:30.637Z] INFO: GET /books - Books fetched successfully
[2025-01-03T20:39:33.283Z] INFO: GET /books - Books fetched successfully
[2025-01-03T20:39:55.645Z] INFO: GET /books/677845e936bca1530cda98f1 - Book fetched successfully
[2025-01-03T20:39:59.144Z] INFO: PATCH /books - Book patched successfully
[2025-01-03T20:40:00.176Z] INFO: GET /books - Books fetched successfully
[2025-01-03T20:40:05.395Z] INFO: DELETE /books - Book deleted successfully
[2025-01-03T20:40:35.100Z] INFO: GET /books - Book created successfully
[2025-01-03T20:40:36.127Z] INFO: GET /books - Books fetched successfully
[2025-01-03T21:14:25.636Z] ERROR: Failed to connect to the database:
[2025-01-03T21:14:54.838Z] ERROR: Failed to connect to the database:
[2025-01-03T21:16:15.580Z] ERROR: Failed to connect to the database:
[2025-01-03T21:23:09.942Z] ERROR: Failed to connect to the database:
[2025-01-03T21:23:11.492Z] ERROR: Failed to connect to the database:
[2025-01-03T21:43:05.516Z] INFO: GET /books - Books fetched successfully
[2025-01-03T21:43:25.516Z] INFO: GET /books/67785490a56f06fa35c4a51a - Book fetched successfully
[2025-01-03T21:43:28.141Z] INFO: PATCH /books - Book patched successfully
[2025-01-03T21:43:29.214Z] INFO: GET /books - Books fetched successfully
[2025-01-03T21:43:43.171Z] INFO: GET /books - Book created successfully
[2025-01-03T21:43:44.236Z] INFO: GET /books - Books fetched successfully
[2025-01-03T21:43:49.108Z] INFO: DELETE /books - Book deleted successfully
[2025-01-04T08:34:04.562Z] ERROR: Error fetching books: Operation `books.find()` buffering timed out after 10000ms
[2025-01-04T08:34:14.573Z] ERROR: Error fetching books: Operation `books.find()` buffering timed out after 10000ms
[2025-01-04T08:34:24.580Z] ERROR: Error fetching books: Operation `books.find()` buffering timed out after 10000ms
[2025-01-04T08:34:30.929Z] ERROR: Error fetching books: Operation `books.find()` buffering timed out after 10000ms
[2025-01-04T08:34:40.194Z] ERROR: Error fetching books: Operation `books.find()` buffering timed out after 10000ms
[2025-01-04T08:49:19.548Z] ERROR: Error fetching books: Operation `books.find()` buffering timed out after 10000ms
[2025-01-04T08:49:45.934Z] ERROR: Error fetching books: Operation `books.find()` buffering timed out after 10000ms
[2025-01-04T08:52:49.969Z] ERROR: Error fetching books: Operation `books.find()` buffering timed out after 10000ms
[2025-01-04T08:52:59.985Z] ERROR: Error fetching books: Operation `books.find()` buffering timed out after 10000ms
[2025-01-04T08:53:09.996Z] ERROR: Error fetching books: Operation `books.find()` buffering timed out after 10000ms
[2025-01-04T08:53:20.007Z] ERROR: Error fetching books: Operation `books.find()` buffering timed out after 10000ms
[2025-01-04T08:53:46.092Z] ERROR: Error fetching books: Operation `books.find()` buffering timed out after 10000ms
[2025-01-04T08:58:49.439Z] ERROR: Error fetching books: Operation `books.find()` buffering timed out after 10000ms
[2025-01-04T08:59:24.935Z] ERROR: Error in creating book: Operation `books.insertOne()` buffering timed out after 10000ms
[2025-01-04T08:59:26.573Z] ERROR: Error in creating book: Operation `books.insertOne()` buffering timed out after 10000ms
[2025-01-04T09:02:35.061Z] ERROR: Error fetching books: Operation `books.find()` buffering timed out after 10000ms
[2025-01-04T09:03:01.888Z] ERROR: Error fetching books: Operation `books.find()` buffering timed out after 10000ms
[2025-01-04T09:03:16.892Z] WARN: Invalid ID format: 6775aee5a980683d4d980de
[2025-01-04T09:03:35.552Z] ERROR: Error fetching books: Operation `books.find()` buffering timed out after 10000ms
[2025-01-04T09:04:56.605Z] INFO: GET /books - Books fetched successfully
[2025-01-04T09:05:12.851Z] INFO: GET /books - Books fetched successfully
[2025-01-04T09:05:24.774Z] INFO: GET /books - Books fetched successfully
[2025-01-04T09:05:29.406Z] INFO: GET /books - Books fetched successfully
[2025-01-04T09:05:39.152Z] INFO: GET /books - Books fetched successfully
[2025-01-04T09:08:52.266Z] INFO: GET /books - Books fetched successfully
[2025-01-04T09:08:53.843Z] INFO: GET /books - Books fetched successfully
[2025-01-04T09:08:56.205Z] INFO: GET /books - Books fetched successfully
[2025-01-04T09:08:59.828Z] INFO: GET /books/67784b4389004e4c3fcf7f67 - Book fetched successfully
[2025-01-04T09:09:02.256Z] INFO: PATCH /books - Book patched successfully
[2025-01-04T09:09:03.292Z] INFO: GET /books - Books fetched successfully
[2025-01-04T09:09:06.389Z] INFO: GET /books/67784b4389004e4c3fcf7f67 - Book fetched successfully
[2025-01-04T09:09:16.180Z] INFO: PATCH /books - Book patched successfully
[2025-01-04T09:09:17.212Z] INFO: GET /books - Books fetched successfully
[2025-01-04T09:10:44.766Z] INFO: GET /books - Books fetched successfully
[2025-01-04T09:10:58.934Z] INFO: GET /books - Book created successfully
[2025-01-04T09:10:59.965Z] INFO: GET /books - Books fetched successfully
[2025-01-04T09:11:07.917Z] INFO: DELETE /books - Book deleted successfully
[2025-01-04T09:11:33.118Z] INFO: GET /books - Books fetched successfully
[2025-01-04T09:11:37.173Z] INFO: GET /books - Books fetched successfully
[2025-01-04T09:11:38.391Z] INFO: GET /books - Books fetched successfully
[2025-01-04T09:18:39.861Z] INFO: GET /books - Books fetched successfully
[2025-01-04T09:18:39.905Z] INFO: GET /books - Books fetched successfully
[2025-01-04T09:20:24.596Z] INFO: GET /books - Books fetched successfully
[2025-01-04T09:20:26.377Z] INFO: GET /books - Books fetched successfully
[2025-01-04T09:20:38.020Z] INFO: GET /books - Book created successfully
[2025-01-04T09:20:39.079Z] INFO: GET /books - Books fetched successfully
[2025-01-04T09:20:42.262Z] INFO: GET /books/6778fd65bf40152a1cef3ef7 - Book fetched successfully
[2025-01-04T09:20:52.463Z] INFO: PATCH /books - Book patched successfully
[2025-01-04T09:20:53.528Z] INFO: GET /books - Books fetched successfully
[2025-01-04T09:20:58.606Z] INFO: GET /books - Books fetched successfully
