[2025-01-02T19:05:50.086Z] ERROR: Error in creating book: E11000 duplicate key error collection: bookly_db.books index: title_1 dup key: { title: "Pratham" }
[2025-01-02T19:24:18.559Z] ERROR: Error in creating book: E11000 duplicate key error collection: bookly_db.books index: title_1 dup key: { title: "pratham" }
[2025-01-02T19:30:31.279Z] ERROR: Error in creating book: E11000 duplicate key error collection: bookly_db.books index: title_1 dup key: { title: "pratham1" }
[2025-01-02T20:16:43.054Z] ERROR: Error in replacing book: Book validation failed: stock: Path `stock` is required., price: Path `price` is required., category: Path `category` is required.
[2025-01-02T20:32:37.151Z] ERROR: Error in replacing book: Book validation failed: stock: Path `stock` is required., price: Path `price` is required., category: Path `category` is required., author: Path `author` is required.
[2025-01-02T20:35:54.086Z] ERROR: Error in patching book: Validation failed: stock: Path `stock` is required.
[2025-01-03T14:41:01.885Z] ERROR: Error in patching book: Plan executor error during findAndModify :: caused by :: E11000 duplicate key error collection: bookly_db.books index: title_1 dup key: { title: "Shadows of Eternity" }
[2025-01-03T14:42:21.124Z] ERROR: Error in patching book: Plan executor error during findAndModify :: caused by :: E11000 duplicate key error collection: bookly_db.books index: title_1 dup key: { title: "The Silent Forest" }
[2025-01-03T18:58:32.814Z] ERROR: Error in patching book: Validation failed: price: Invalid price input
[2025-01-03T20:23:28.294Z] ERROR: Error in patching book: Validation failed: stock: Path `stock` is required.
[2025-01-03T20:37:03.776Z] ERROR: Error in creating book: E11000 duplicate key error collection: bookly_db.books index: title_1 dup key: { title: "The Jungle Book" }
[2025-01-03T20:37:09.456Z] ERROR: Error in creating book: E11000 duplicate key error collection: bookly_db.books index: title_1 dup key: { title: "The Jungle Book" }
[2025-01-03T21:14:25.637Z] ERROR: Failed to connect to the database:
[2025-01-03T21:14:54.841Z] ERROR: Failed to connect to the database:
[2025-01-03T21:16:15.582Z] ERROR: Failed to connect to the database:
[2025-01-03T21:23:09.949Z] ERROR: Failed to connect to the database:
[2025-01-03T21:23:11.492Z] ERROR: Failed to connect to the database:
[2025-01-04T08:34:04.563Z] ERROR: Error fetching books: Operation `books.find()` buffering timed out after 10000ms
[2025-01-04T08:34:14.573Z] ERROR: Error fetching books: Operation `books.find()` buffering timed out after 10000ms
[2025-01-04T08:34:24.580Z] ERROR: Error fetching books: Operation `books.find()` buffering timed out after 10000ms
[2025-01-04T08:34:30.930Z] ERROR: Error fetching books: Operation `books.find()` buffering timed out after 10000ms
[2025-01-04T08:34:40.195Z] ERROR: Error fetching books: Operation `books.find()` buffering timed out after 10000ms
[2025-01-04T08:49:19.549Z] ERROR: Error fetching books: Operation `books.find()` buffering timed out after 10000ms
[2025-01-04T08:49:45.935Z] ERROR: Error fetching books: Operation `books.find()` buffering timed out after 10000ms
[2025-01-04T08:52:49.974Z] ERROR: Error fetching books: Operation `books.find()` buffering timed out after 10000ms
[2025-01-04T08:52:59.986Z] ERROR: Error fetching books: Operation `books.find()` buffering timed out after 10000ms
[2025-01-04T08:53:09.997Z] ERROR: Error fetching books: Operation `books.find()` buffering timed out after 10000ms
[2025-01-04T08:53:20.007Z] ERROR: Error fetching books: Operation `books.find()` buffering timed out after 10000ms
[2025-01-04T08:53:46.094Z] ERROR: Error fetching books: Operation `books.find()` buffering timed out after 10000ms
[2025-01-04T08:58:49.440Z] ERROR: Error fetching books: Operation `books.find()` buffering timed out after 10000ms
[2025-01-04T08:59:24.935Z] ERROR: Error in creating book: Operation `books.insertOne()` buffering timed out after 10000ms
[2025-01-04T08:59:26.574Z] ERROR: Error in creating book: Operation `books.insertOne()` buffering timed out after 10000ms
[2025-01-04T09:02:35.063Z] ERROR: Error fetching books: Operation `books.find()` buffering timed out after 10000ms
[2025-01-04T09:03:01.889Z] ERROR: Error fetching books: Operation `books.find()` buffering timed out after 10000ms
[2025-01-04T09:03:35.553Z] ERROR: Error fetching books: Operation `books.find()` buffering timed out after 10000ms
